[debug] [2022-08-28T23:22:10.252Z] ----------------------------------------------------------------------
[debug] [2022-08-28T23:22:10.256Z] Command:       C:\Program Files\nodejs\node.exe C:\Users\JASON CHARLES\AppData\Roaming\npm\node_modules\firebase-tools\lib\bin\firebase.js init
[debug] [2022-08-28T23:22:10.257Z] CLI Version:   11.8.0
[debug] [2022-08-28T23:22:10.258Z] Platform:      win32
[debug] [2022-08-28T23:22:10.258Z] Node Version:  v18.7.0
[debug] [2022-08-28T23:22:10.260Z] Time:          Mon Aug 29 2022 00:22:10 GMT+0100 (West Africa Standard Time)
[debug] [2022-08-28T23:22:10.260Z] ----------------------------------------------------------------------
[debug] 
[debug] [2022-08-28T23:22:10.426Z] > command requires scopes: ["email","openid","https://www.googleapis.com/auth/cloudplatformprojects.readonly","https://www.googleapis.com/auth/firebase","https://www.googleapis.com/auth/cloud-platform"]
[debug] [2022-08-28T23:22:10.427Z] > authorizing via signed-in user (juniorsuccess28@gmail.com)
[info] 
     ######## #### ########  ######## ########     ###     ######  ########
     ##        ##  ##     ## ##       ##     ##  ##   ##  ##       ##
     ######    ##  ########  ######   ########  #########  ######  ######
     ##        ##  ##    ##  ##       ##     ## ##     ##       ## ##
     ##       #### ##     ## ######## ########  ##     ##  ######  ########

You're about to initialize a Firebase project in this directory:

  C:\Users\JASON CHARLES

Before we get started, keep in mind:

  * You are initializing within an existing Firebase project directory

[info] 
=== Project Setup
[info] 
[info] First, let's associate this project directory with a Firebase project.
[info] You can create multiple project aliases by running firebase use --add, 
[info] but for now we'll just set up a default project.
[info] 
[debug] [2022-08-28T23:22:16.458Z] Using project from CLI flag: chatters-65d96
[debug] [2022-08-28T23:22:16.475Z] >>> [apiv2][query] GET https://firebase.googleapis.com/v1beta1/projects/chatters-65d96 [none]
[debug] [2022-08-28T23:22:17.515Z] <<< [apiv2][status] GET https://firebase.googleapis.com/v1beta1/projects/chatters-65d96 403
[debug] [2022-08-28T23:22:17.516Z] <<< [apiv2][body] GET https://firebase.googleapis.com/v1beta1/projects/chatters-65d96 {"error":{"code":403,"message":"The caller does not have permission","status":"PERMISSION_DENIED"}}
[debug] [2022-08-28T23:22:17.518Z] HTTP Error: 403, The caller does not have permission
[debug] [2022-08-28T23:22:17.893Z] FirebaseError: HTTP Error: 403, The caller does not have permission
    at responseToError (C:\Users\JASON CHARLES\AppData\Roaming\npm\node_modules\firebase-tools\lib\responseToError.js:49:12)
    at RetryOperation._fn (C:\Users\JASON CHARLES\AppData\Roaming\npm\node_modules\firebase-tools\lib\apiv2.js:288:77)
    at process.processTicksAndRejections (node:internal/process/task_queues:95:5)
[error] 
[error] Error: Failed to get Firebase project chatters-65d96. Please make sure the project exists and your account has permission to access it.
[debug] [2022-08-29T00:03:18.117Z] ----------------------------------------------------------------------
[debug] [2022-08-29T00:03:18.204Z] Command:       C:\Program Files\nodejs\node.exe C:\Users\JASON CHARLES\AppData\Roaming\npm\node_modules\firebase-tools\lib\bin\firebase.js init
[debug] [2022-08-29T00:03:18.213Z] CLI Version:   11.8.0
[debug] [2022-08-29T00:03:18.215Z] Platform:      win32
[debug] [2022-08-29T00:03:18.216Z] Node Version:  v18.7.0
[debug] [2022-08-29T00:03:19.045Z] Time:          Mon Aug 29 2022 01:03:18 GMT+0100 (West Africa Standard Time)
[debug] [2022-08-29T00:03:19.046Z] ----------------------------------------------------------------------
[debug] 
[debug] [2022-08-29T00:03:20.220Z] > command requires scopes: ["email","openid","https://www.googleapis.com/auth/cloudplatformprojects.readonly","https://www.googleapis.com/auth/firebase","https://www.googleapis.com/auth/cloud-platform"]
[debug] [2022-08-29T00:03:20.221Z] > authorizing via signed-in user (juniorsuccess28@gmail.com)
[info] 
     ######## #### ########  ######## ########     ###     ######  ########
     ##        ##  ##     ## ##       ##     ##  ##   ##  ##       ##
     ######    ##  ########  ######   ########  #########  ######  ######
     ##        ##  ##    ##  ##       ##     ## ##     ##       ## ##
     ##       #### ##     ## ######## ########  ##     ##  ######  ########

You're about to initialize a Firebase project in this directory:

  C:\Users\JASON CHARLES

Before we get started, keep in mind:

  * You are initializing within an existing Firebase project directory

